Arguments: 
  /Users/nishiguchitaichi/.nodebrew/node/v14.15.5/bin/node /usr/local/Cellar/yarn/1.22.10/libexec/bin/yarn.js install

PATH: 
  /Users/nishiguchitaichi/.nodebrew/current/bin:/usr/local/bin:/usr/bin:/bin:/usr/sbin:/sbin

Yarn version: 
  1.22.10

Node version: 
  14.15.5

Platform: 
  darwin x64

Trace: 
  SyntaxError: /Users/nishiguchitaichi/Desktop/myportfolio/package.json: Unexpected string in JSON at position 92
      at JSON.parse (<anonymous>)
      at /usr/local/Cellar/yarn/1.22.10/libexec/lib/cli.js:1625:59
      at Generator.next (<anonymous>)
      at step (/usr/local/Cellar/yarn/1.22.10/libexec/lib/cli.js:310:30)
      at /usr/local/Cellar/yarn/1.22.10/libexec/lib/cli.js:321:13

npm manifest: 
  {
    "name": "myportfolio",
    "version": "1.0.0",
    "main": "index.js",
    "license": "MIT"
  }
  "scripts": {
    "build-css": "node-sass --include-path scss scss/style.scss css/style.css",
    "watch-css": "nodemon -e scss -x \"npm run build-css\""
  },
  "author": "",
  "license": "ISC",
  "devDependencies": {
    "node-sass": "^4.9.4",
    "nodemon": "^1.18.4"
  }

yarn manifest: 
  No manifest

Lockfile: 
  No lockfile
